# JRE version: Java(TM) SE Runtime Environment (8.0_40-b27) (build 1.8.0_40-b27)
# Java VM: Java HotSpot(TM) 64-Bit Server VM (25.40-b25 mixed mode bsd-amd64 compressed oops)
Heap:
 PSYoungGen      total 71680K, used 51825K [0x0000000795580000, 0x000000079a080000, 0x00000007c0000000)
  eden space 66560K, 77% used [0x0000000795580000,0x000000079881c5b8,0x0000000799680000)
  from space 5120K, 0% used [0x0000000799b80000,0x0000000799b80000,0x000000079a080000)
  to   space 5120K, 0% used [0x0000000799680000,0x0000000799680000,0x0000000799b80000)
 ParOldGen       total 152576K, used 79508K [0x0000000740000000, 0x0000000749500000, 0x0000000795580000)
  object space 152576K, 52% used [0x0000000740000000,0x0000000744da5000,0x0000000749500000)
 Metaspace       used 17434K, capacity 18148K, committed 18176K, reserved 1064960K
  class space    used 2352K, capacity 2534K, committed 2560K, reserved 1048576K
GC Heap History (10 events):
Event: 1.426 GC heap before
{Heap before GC invocations=1 (full 0):
 PSYoungGen      total 38400K, used 33280K [0x0000000795580000, 0x0000000798000000, 0x00000007c0000000)
  eden space 33280K, 100% used [0x0000000795580000,0x0000000797600000,0x0000000797600000)
  from space 5120K, 0% used [0x0000000797b00000,0x0000000797b00000,0x0000000798000000)
  to   space 5120K, 0% used [0x0000000797600000,0x0000000797600000,0x0000000797b00000)
 ParOldGen       total 87552K, used 0K [0x0000000740000000, 0x0000000745580000, 0x0000000795580000)
  object space 87552K, 0% used [0x0000000740000000,0x0000000740000000,0x0000000745580000)
 Metaspace       used 11272K, capacity 11660K, committed 11904K, reserved 1058816K
  class space    used 1465K, capacity 1594K, committed 1664K, reserved 1048576K
Event: 1.434 GC heap after
Heap after GC invocations=1 (full 0):
 PSYoungGen      total 38400K, used 5105K [0x0000000795580000, 0x0000000798000000, 0x00000007c0000000)
  eden space 33280K, 0% used [0x0000000795580000,0x0000000795580000,0x0000000797600000)
  from space 5120K, 99% used [0x0000000797600000,0x0000000797afc540,0x0000000797b00000)
  to   space 5120K, 0% used [0x0000000797b00000,0x0000000797b00000,0x0000000798000000)
 ParOldGen       total 87552K, used 3882K [0x0000000740000000, 0x0000000745580000, 0x0000000795580000)
  object space 87552K, 4% used [0x0000000740000000,0x00000007403ca890,0x0000000745580000)
 Metaspace       used 11272K, capacity 11660K, committed 11904K, reserved 1058816K
  class space    used 1465K, capacity 1594K, committed 1664K, reserved 1048576K
}
Event: 1.648 GC heap before
{Heap before GC invocations=2 (full 0):
 PSYoungGen      total 38400K, used 35598K [0x0000000795580000, 0x0000000798000000, 0x00000007c0000000)
  eden space 33280K, 91% used [0x0000000795580000,0x0000000797347470,0x0000000797600000)
  from space 5120K, 99% used [0x0000000797600000,0x0000000797afc540,0x0000000797b00000)
  to   space 5120K, 0% used [0x0000000797b00000,0x0000000797b00000,0x0000000798000000)
 ParOldGen       total 87552K, used 3882K [0x0000000740000000, 0x0000000745580000, 0x0000000795580000)
  object space 87552K, 4% used [0x0000000740000000,0x00000007403ca890,0x0000000745580000)
 Metaspace       used 11319K, capacity 11672K, committed 11904K, reserved 1058816K
  class space    used 1467K, capacity 1596K, committed 1664K, reserved 1048576K
Event: 1.667 GC heap after
Heap after GC invocations=2 (full 0):
 PSYoungGen      total 38400K, used 5097K [0x0000000795580000, 0x000000079a080000, 0x00000007c0000000)
  eden space 33280K, 0% used [0x0000000795580000,0x0000000795580000,0x0000000797600000)
  from space 5120K, 99% used [0x0000000797b00000,0x0000000797ffa7e0,0x0000000798000000)
  to   space 5120K, 0% used [0x0000000797600000,0x0000000797600000,0x0000000797b00000)
 ParOldGen       total 87552K, used 32733K [0x0000000740000000, 0x0000000745580000, 0x0000000795580000)
  object space 87552K, 37% used [0x0000000740000000,0x0000000741ff7450,0x0000000745580000)
 Metaspace       used 11319K, capacity 11672K, committed 11904K, reserved 1058816K
  class space    used 1467K, capacity 1596K, committed 1664K, reserved 1048576K
}
Event: 1.917 GC heap before
{Heap before GC invocations=3 (full 0):
 PSYoungGen      total 38400K, used 37212K [0x0000000795580000, 0x000000079a080000, 0x00000007c0000000)
  eden space 33280K, 96% used [0x0000000795580000,0x00000007974dc968,0x0000000797600000)
  from space 5120K, 99% used [0x0000000797b00000,0x0000000797ffa7e0,0x0000000798000000)
  to   space 5120K, 0% used [0x0000000797600000,0x0000000797600000,0x0000000797b00000)
 ParOldGen       total 87552K, used 32733K [0x0000000740000000, 0x0000000745580000, 0x0000000795580000)
  object space 87552K, 37% used [0x0000000740000000,0x0000000741ff7450,0x0000000745580000)
 Metaspace       used 11892K, capacity 12350K, committed 12544K, reserved 1060864K
  class space    used 1555K, capacity 1677K, committed 1792K, reserved 1048576K
Event: 1.946 GC heap after
Heap after GC invocations=3 (full 0):
 PSYoungGen      total 38400K, used 4635K [0x0000000795580000, 0x000000079a080000, 0x00000007c0000000)
  eden space 33280K, 0% used [0x0000000795580000,0x0000000795580000,0x0000000797600000)
  from space 5120K, 90% used [0x0000000797600000,0x0000000797a86d78,0x0000000797b00000)
  to   space 5120K, 0% used [0x0000000799b80000,0x0000000799b80000,0x000000079a080000)
 ParOldGen       total 87552K, used 52607K [0x0000000740000000, 0x0000000745580000, 0x0000000795580000)
  object space 87552K, 60% used [0x0000000740000000,0x000000074335fde0,0x0000000745580000)
 Metaspace       used 11892K, capacity 12350K, committed 12544K, reserved 1060864K
  class space    used 1555K, capacity 1677K, committed 1792K, reserved 1048576K
}
Event: 2.010 GC heap before
{Heap before GC invocations=4 (full 0):
 PSYoungGen      total 38400K, used 36499K [0x0000000795580000, 0x000000079a080000, 0x00000007c0000000)
  eden space 33280K, 95% used [0x0000000795580000,0x000000079749e048,0x0000000797600000)
  from space 5120K, 90% used [0x0000000797600000,0x0000000797a86d78,0x0000000797b00000)
  to   space 5120K, 0% used [0x0000000799b80000,0x0000000799b80000,0x000000079a080000)
 ParOldGen       total 87552K, used 52607K [0x0000000740000000, 0x0000000745580000, 0x0000000795580000)
  object space 87552K, 60% used [0x0000000740000000,0x000000074335fde0,0x0000000745580000)
 Metaspace       used 11896K, capacity 12350K, committed 12544K, reserved 1060864K
  class space    used 1555K, capacity 1677K, committed 1792K, reserved 1048576K
Event: 2.044 GC heap after
Heap after GC invocations=4 (full 0):
 PSYoungGen      total 71680K, used 5116K [0x0000000795580000, 0x000000079a080000, 0x00000007c0000000)
  eden space 66560K, 0% used [0x0000000795580000,0x0000000795580000,0x0000000799680000)
  from space 5120K, 99% used [0x0000000799b80000,0x000000079a07f198,0x000000079a080000)
  to   space 5120K, 0% used [0x0000000799680000,0x0000000799680000,0x0000000799b80000)
 ParOldGen       total 87552K, used 77631K [0x0000000740000000, 0x0000000745580000, 0x0000000795580000)
  object space 87552K, 88% used [0x0000000740000000,0x0000000744bcfe80,0x0000000745580000)
 Metaspace       used 11896K, capacity 12350K, committed 12544K, reserved 1060864K
  class space    used 1555K, capacity 1677K, committed 1792K, reserved 1048576K
}
Event: 2.044 GC heap before
{Heap before GC invocations=5 (full 1):
 PSYoungGen      total 71680K, used 5116K [0x0000000795580000, 0x000000079a080000, 0x00000007c0000000)
  eden space 66560K, 0% used [0x0000000795580000,0x0000000795580000,0x0000000799680000)
  from space 5120K, 99% used [0x0000000799b80000,0x000000079a07f198,0x000000079a080000)
  to   space 5120K, 0% used [0x0000000799680000,0x0000000799680000,0x0000000799b80000)
 ParOldGen       total 87552K, used 77631K [0x0000000740000000, 0x0000000745580000, 0x0000000795580000)
  object space 87552K, 88% used [0x0000000740000000,0x0000000744bcfe80,0x0000000745580000)
 Metaspace       used 11896K, capacity 12350K, committed 12544K, reserved 1060864K
  class space    used 1555K, capacity 1677K, committed 1792K, reserved 1048576K
Event: 2.085 GC heap after
Heap after GC invocations=5 (full 1):
 PSYoungGen      total 71680K, used 0K [0x0000000795580000, 0x000000079a080000, 0x00000007c0000000)
  eden space 66560K, 0% used [0x0000000795580000,0x0000000795580000,0x0000000799680000)
  from space 5120K, 0% used [0x0000000799b80000,0x0000000799b80000,0x000000079a080000)
  to   space 5120K, 0% used [0x0000000799680000,0x0000000799680000,0x0000000799b80000)
 ParOldGen       total 152576K, used 79508K [0x0000000740000000, 0x0000000749500000, 0x0000000795580000)
  object space 152576K, 52% used [0x0000000740000000,0x0000000744da5000,0x0000000749500000)
 Metaspace       used 11896K, capacity 12350K, committed 12544K, reserved 1060864K
  class space    used 1555K, capacity 1677K, committed 1792K, reserved 1048576K
}

