# JRE version: Java(TM) SE Runtime Environment (8.0_40-b27) (build 1.8.0_40-b27)
# Java VM: Java HotSpot(TM) 64-Bit Server VM (25.40-b25 mixed mode bsd-amd64 compressed oops)
Heap:
 PSYoungGen      total 71680K, used 47728K [0x000000016ef80000, 0x0000000173a80000, 0x0000000199a00000)
  eden space 66560K, 71% used [0x000000016ef80000,0x0000000171e1c008,0x0000000173080000)
  from space 5120K, 0% used [0x0000000173580000,0x0000000173580000,0x0000000173a80000)
  to   space 5120K, 0% used [0x0000000173080000,0x0000000173080000,0x0000000173580000)
 ParOldGen       total 151040K, used 79167K [0x0000000119a00000, 0x0000000122d80000, 0x000000016ef80000)
  object space 151040K, 52% used [0x0000000119a00000,0x000000011e74fe08,0x0000000122d80000)
 Metaspace       used 17265K, capacity 17990K, committed 18176K, reserved 1064960K
  class space    used 2347K, capacity 2515K, committed 2560K, reserved 1048576K
GC Heap History (10 events):
Event: 1.060 GC heap before
{Heap before GC invocations=1 (full 0):
 PSYoungGen      total 38400K, used 33280K [0x000000016ef80000, 0x0000000171a00000, 0x0000000199a00000)
  eden space 33280K, 100% used [0x000000016ef80000,0x0000000171000000,0x0000000171000000)
  from space 5120K, 0% used [0x0000000171500000,0x0000000171500000,0x0000000171a00000)
  to   space 5120K, 0% used [0x0000000171000000,0x0000000171000000,0x0000000171500000)
 ParOldGen       total 87552K, used 0K [0x0000000119a00000, 0x000000011ef80000, 0x000000016ef80000)
  object space 87552K, 0% used [0x0000000119a00000,0x0000000119a00000,0x000000011ef80000)
 Metaspace       used 11236K, capacity 11652K, committed 11904K, reserved 1058816K
  class space    used 1455K, capacity 1594K, committed 1664K, reserved 1048576K
Event: 1.070 GC heap after
Heap after GC invocations=1 (full 0):
 PSYoungGen      total 38400K, used 5105K [0x000000016ef80000, 0x0000000171a00000, 0x0000000199a00000)
  eden space 33280K, 0% used [0x000000016ef80000,0x000000016ef80000,0x0000000171000000)
  from space 5120K, 99% used [0x0000000171000000,0x00000001714fc520,0x0000000171500000)
  to   space 5120K, 0% used [0x0000000171500000,0x0000000171500000,0x0000000171a00000)
 ParOldGen       total 87552K, used 3818K [0x0000000119a00000, 0x000000011ef80000, 0x000000016ef80000)
  object space 87552K, 4% used [0x0000000119a00000,0x0000000119dba920,0x000000011ef80000)
 Metaspace       used 11236K, capacity 11652K, committed 11904K, reserved 1058816K
  class space    used 1455K, capacity 1594K, committed 1664K, reserved 1048576K
}
Event: 1.255 GC heap before
{Heap before GC invocations=2 (full 0):
 PSYoungGen      total 38400K, used 35643K [0x000000016ef80000, 0x0000000171a00000, 0x0000000199a00000)
  eden space 33280K, 91% used [0x000000016ef80000,0x0000000170d528b0,0x0000000171000000)
  from space 5120K, 99% used [0x0000000171000000,0x00000001714fc520,0x0000000171500000)
  to   space 5120K, 0% used [0x0000000171500000,0x0000000171500000,0x0000000171a00000)
 ParOldGen       total 87552K, used 3818K [0x0000000119a00000, 0x000000011ef80000, 0x000000016ef80000)
  object space 87552K, 4% used [0x0000000119a00000,0x0000000119dba920,0x000000011ef80000)
 Metaspace       used 11286K, capacity 11728K, committed 11904K, reserved 1058816K
  class space    used 1457K, capacity 1596K, committed 1664K, reserved 1048576K
Event: 1.269 GC heap after
Heap after GC invocations=2 (full 0):
 PSYoungGen      total 38400K, used 4506K [0x000000016ef80000, 0x0000000173a80000, 0x0000000199a00000)
  eden space 33280K, 0% used [0x000000016ef80000,0x000000016ef80000,0x0000000171000000)
  from space 5120K, 88% used [0x0000000171500000,0x0000000171966910,0x0000000171a00000)
  to   space 5120K, 0% used [0x0000000171000000,0x0000000171000000,0x0000000171500000)
 ParOldGen       total 87552K, used 33380K [0x0000000119a00000, 0x000000011ef80000, 0x000000016ef80000)
  object space 87552K, 38% used [0x0000000119a00000,0x000000011ba990c0,0x000000011ef80000)
 Metaspace       used 11286K, capacity 11728K, committed 11904K, reserved 1058816K
  class space    used 1457K, capacity 1596K, committed 1664K, reserved 1048576K
}
Event: 1.465 GC heap before
{Heap before GC invocations=3 (full 0):
 PSYoungGen      total 38400K, used 36647K [0x000000016ef80000, 0x0000000173a80000, 0x0000000199a00000)
  eden space 33280K, 96% used [0x000000016ef80000,0x0000000170ee3610,0x0000000171000000)
  from space 5120K, 88% used [0x0000000171500000,0x0000000171966910,0x0000000171a00000)
  to   space 5120K, 0% used [0x0000000171000000,0x0000000171000000,0x0000000171500000)
 ParOldGen       total 87552K, used 33380K [0x0000000119a00000, 0x000000011ef80000, 0x000000016ef80000)
  object space 87552K, 38% used [0x0000000119a00000,0x000000011ba990c0,0x000000011ef80000)
 Metaspace       used 11842K, capacity 12278K, committed 12544K, reserved 1060864K
  class space    used 1541K, capacity 1677K, committed 1792K, reserved 1048576K
Event: 1.480 GC heap after
Heap after GC invocations=3 (full 0):
 PSYoungGen      total 38400K, used 4699K [0x000000016ef80000, 0x0000000173a80000, 0x0000000199a00000)
  eden space 33280K, 0% used [0x000000016ef80000,0x000000016ef80000,0x0000000171000000)
  from space 5120K, 91% used [0x0000000171000000,0x0000000171496e88,0x0000000171500000)
  to   space 5120K, 0% used [0x0000000173580000,0x0000000173580000,0x0000000173a80000)
 ParOldGen       total 87552K, used 49716K [0x0000000119a00000, 0x000000011ef80000, 0x000000016ef80000)
  object space 87552K, 56% used [0x0000000119a00000,0x000000011ca8d1a0,0x000000011ef80000)
 Metaspace       used 11842K, capacity 12278K, committed 12544K, reserved 1060864K
  class space    used 1541K, capacity 1677K, committed 1792K, reserved 1048576K
}
Event: 1.533 GC heap before
{Heap before GC invocations=4 (full 0):
 PSYoungGen      total 38400K, used 36554K [0x000000016ef80000, 0x0000000173a80000, 0x0000000199a00000)
  eden space 33280K, 95% used [0x000000016ef80000,0x0000000170e9b980,0x0000000171000000)
  from space 5120K, 91% used [0x0000000171000000,0x0000000171496e88,0x0000000171500000)
  to   space 5120K, 0% used [0x0000000173580000,0x0000000173580000,0x0000000173a80000)
 ParOldGen       total 87552K, used 49716K [0x0000000119a00000, 0x000000011ef80000, 0x000000016ef80000)
  object space 87552K, 56% used [0x0000000119a00000,0x000000011ca8d1a0,0x000000011ef80000)
 Metaspace       used 11845K, capacity 12278K, committed 12544K, reserved 1060864K
  class space    used 1541K, capacity 1677K, committed 1792K, reserved 1048576K
Event: 1.566 GC heap after
Heap after GC invocations=4 (full 0):
 PSYoungGen      total 71680K, used 4635K [0x000000016ef80000, 0x0000000173a80000, 0x0000000199a00000)
  eden space 66560K, 0% used [0x000000016ef80000,0x000000016ef80000,0x0000000173080000)
  from space 5120K, 90% used [0x0000000173580000,0x0000000173a06e88,0x0000000173a80000)
  to   space 5120K, 0% used [0x0000000173080000,0x0000000173080000,0x0000000173580000)
 ParOldGen       total 87552K, used 77224K [0x0000000119a00000, 0x000000011ef80000, 0x000000016ef80000)
  object space 87552K, 88% used [0x0000000119a00000,0x000000011e56a250,0x000000011ef80000)
 Metaspace       used 11845K, capacity 12278K, committed 12544K, reserved 1060864K
  class space    used 1541K, capacity 1677K, committed 1792K, reserved 1048576K
}
Event: 1.566 GC heap before
{Heap before GC invocations=5 (full 1):
 PSYoungGen      total 71680K, used 4635K [0x000000016ef80000, 0x0000000173a80000, 0x0000000199a00000)
  eden space 66560K, 0% used [0x000000016ef80000,0x000000016ef80000,0x0000000173080000)
  from space 5120K, 90% used [0x0000000173580000,0x0000000173a06e88,0x0000000173a80000)
  to   space 5120K, 0% used [0x0000000173080000,0x0000000173080000,0x0000000173580000)
 ParOldGen       total 87552K, used 77224K [0x0000000119a00000, 0x000000011ef80000, 0x000000016ef80000)
  object space 87552K, 88% used [0x0000000119a00000,0x000000011e56a250,0x000000011ef80000)
 Metaspace       used 11845K, capacity 12278K, committed 12544K, reserved 1060864K
  class space    used 1541K, capacity 1677K, committed 1792K, reserved 1048576K
Event: 1.586 GC heap after
Heap after GC invocations=5 (full 1):
 PSYoungGen      total 71680K, used 0K [0x000000016ef80000, 0x0000000173a80000, 0x0000000199a00000)
  eden space 66560K, 0% used [0x000000016ef80000,0x000000016ef80000,0x0000000173080000)
  from space 5120K, 0% used [0x0000000173580000,0x0000000173580000,0x0000000173a80000)
  to   space 5120K, 0% used [0x0000000173080000,0x0000000173080000,0x0000000173580000)
 ParOldGen       total 151040K, used 79167K [0x0000000119a00000, 0x0000000122d80000, 0x000000016ef80000)
  object space 151040K, 52% used [0x0000000119a00000,0x000000011e74fe08,0x0000000122d80000)
 Metaspace       used 11845K, capacity 12278K, committed 12544K, reserved 1060864K
  class space    used 1541K, capacity 1677K, committed 1792K, reserved 1048576K
}

