# JRE version: Java(TM) SE Runtime Environment (8.0_40-b27) (build 1.8.0_40-b27)
# Java VM: Java HotSpot(TM) 64-Bit Server VM (25.40-b25 mixed mode bsd-amd64 compressed oops)
Heap:
 PSYoungGen      total 71680K, used 56082K [0x0000000795580000, 0x000000079e180000, 0x00000007c0000000)
  eden space 66560K, 84% used [0x0000000795580000,0x0000000798c44ad8,0x0000000799680000)
  from space 5120K, 0% used [0x0000000799680000,0x0000000799680000,0x0000000799b80000)
  to   space 5120K, 0% used [0x000000079dc80000,0x000000079dc80000,0x000000079e180000)
 ParOldGen       total 178688K, used 78391K [0x0000000740000000, 0x000000074ae80000, 0x0000000795580000)
  object space 178688K, 43% used [0x0000000740000000,0x0000000744c8dd40,0x000000074ae80000)
 Metaspace       used 17339K, capacity 18046K, committed 18176K, reserved 1064960K
  class space    used 2344K, capacity 2509K, committed 2560K, reserved 1048576K
GC Heap History (8 events):
Event: 1.035 GC heap before
{Heap before GC invocations=1 (full 0):
 PSYoungGen      total 38400K, used 33280K [0x0000000795580000, 0x0000000798000000, 0x00000007c0000000)
  eden space 33280K, 100% used [0x0000000795580000,0x0000000797600000,0x0000000797600000)
  from space 5120K, 0% used [0x0000000797b00000,0x0000000797b00000,0x0000000798000000)
  to   space 5120K, 0% used [0x0000000797600000,0x0000000797600000,0x0000000797b00000)
 ParOldGen       total 87552K, used 0K [0x0000000740000000, 0x0000000745580000, 0x0000000795580000)
  object space 87552K, 0% used [0x0000000740000000,0x0000000740000000,0x0000000745580000)
 Metaspace       used 11225K, capacity 11660K, committed 11904K, reserved 1058816K
  class space    used 1454K, capacity 1594K, committed 1664K, reserved 1048576K
Event: 1.047 GC heap after
Heap after GC invocations=1 (full 0):
 PSYoungGen      total 38400K, used 5105K [0x0000000795580000, 0x000000079a080000, 0x00000007c0000000)
  eden space 33280K, 0% used [0x0000000795580000,0x0000000795580000,0x0000000797600000)
  from space 5120K, 99% used [0x0000000797600000,0x0000000797afc520,0x0000000797b00000)
  to   space 5120K, 0% used [0x0000000799b80000,0x0000000799b80000,0x000000079a080000)
 ParOldGen       total 87552K, used 3855K [0x0000000740000000, 0x0000000745580000, 0x0000000795580000)
  object space 87552K, 4% used [0x0000000740000000,0x00000007403c3d58,0x0000000745580000)
 Metaspace       used 11225K, capacity 11660K, committed 11904K, reserved 1058816K
  class space    used 1454K, capacity 1594K, committed 1664K, reserved 1048576K
}
Event: 1.236 GC heap before
{Heap before GC invocations=2 (full 0):
 PSYoungGen      total 38400K, used 35624K [0x0000000795580000, 0x000000079a080000, 0x00000007c0000000)
  eden space 33280K, 91% used [0x0000000795580000,0x000000079734dda0,0x0000000797600000)
  from space 5120K, 99% used [0x0000000797600000,0x0000000797afc520,0x0000000797b00000)
  to   space 5120K, 0% used [0x0000000799b80000,0x0000000799b80000,0x000000079a080000)
 ParOldGen       total 87552K, used 3855K [0x0000000740000000, 0x0000000745580000, 0x0000000795580000)
  object space 87552K, 4% used [0x0000000740000000,0x00000007403c3d58,0x0000000745580000)
 Metaspace       used 11280K, capacity 11672K, committed 11904K, reserved 1058816K
  class space    used 1456K, capacity 1596K, committed 1664K, reserved 1048576K
Event: 1.257 GC heap after
Heap after GC invocations=2 (full 0):
 PSYoungGen      total 71680K, used 5097K [0x0000000795580000, 0x000000079a080000, 0x00000007c0000000)
  eden space 66560K, 0% used [0x0000000795580000,0x0000000795580000,0x0000000799680000)
  from space 5120K, 99% used [0x0000000799b80000,0x000000079a07a7e0,0x000000079a080000)
  to   space 5120K, 0% used [0x0000000799680000,0x0000000799680000,0x0000000799b80000)
 ParOldGen       total 87552K, used 32674K [0x0000000740000000, 0x0000000745580000, 0x0000000795580000)
  object space 87552K, 37% used [0x0000000740000000,0x0000000741fe88e8,0x0000000745580000)
 Metaspace       used 11280K, capacity 11672K, committed 11904K, reserved 1058816K
  class space    used 1456K, capacity 1596K, committed 1664K, reserved 1048576K
}
Event: 1.578 GC heap before
{Heap before GC invocations=3 (full 0):
 PSYoungGen      total 71680K, used 71657K [0x0000000795580000, 0x000000079a080000, 0x00000007c0000000)
  eden space 66560K, 100% used [0x0000000795580000,0x0000000799680000,0x0000000799680000)
  from space 5120K, 99% used [0x0000000799b80000,0x000000079a07a7e0,0x000000079a080000)
  to   space 5120K, 0% used [0x0000000799680000,0x0000000799680000,0x0000000799b80000)
 ParOldGen       total 87552K, used 32674K [0x0000000740000000, 0x0000000745580000, 0x0000000795580000)
  object space 87552K, 37% used [0x0000000740000000,0x0000000741fe88e8,0x0000000745580000)
 Metaspace       used 12014K, capacity 12462K, committed 12800K, reserved 1060864K
  class space    used 1571K, capacity 1715K, committed 1792K, reserved 1048576K
Event: 1.622 GC heap after
Heap after GC invocations=3 (full 0):
 PSYoungGen      total 71680K, used 5105K [0x0000000795580000, 0x000000079e180000, 0x00000007c0000000)
  eden space 66560K, 0% used [0x0000000795580000,0x0000000795580000,0x0000000799680000)
  from space 5120K, 99% used [0x0000000799680000,0x0000000799b7c520,0x0000000799b80000)
  to   space 5120K, 0% used [0x000000079dc80000,0x000000079dc80000,0x000000079e180000)
 ParOldGen       total 87552K, used 73857K [0x0000000740000000, 0x0000000745580000, 0x0000000795580000)
  object space 87552K, 84% used [0x0000000740000000,0x0000000744820770,0x0000000745580000)
 Metaspace       used 12014K, capacity 12462K, committed 12800K, reserved 1060864K
  class space    used 1571K, capacity 1715K, committed 1792K, reserved 1048576K
}
Event: 1.622 GC heap before
{Heap before GC invocations=4 (full 1):
 PSYoungGen      total 71680K, used 5105K [0x0000000795580000, 0x000000079e180000, 0x00000007c0000000)
  eden space 66560K, 0% used [0x0000000795580000,0x0000000795580000,0x0000000799680000)
  from space 5120K, 99% used [0x0000000799680000,0x0000000799b7c520,0x0000000799b80000)
  to   space 5120K, 0% used [0x000000079dc80000,0x000000079dc80000,0x000000079e180000)
 ParOldGen       total 87552K, used 73857K [0x0000000740000000, 0x0000000745580000, 0x0000000795580000)
  object space 87552K, 84% used [0x0000000740000000,0x0000000744820770,0x0000000745580000)
 Metaspace       used 12014K, capacity 12462K, committed 12800K, reserved 1060864K
  class space    used 1571K, capacity 1715K, committed 1792K, reserved 1048576K
Event: 1.705 GC heap after
Heap after GC invocations=4 (full 1):
 PSYoungGen      total 71680K, used 0K [0x0000000795580000, 0x000000079e180000, 0x00000007c0000000)
  eden space 66560K, 0% used [0x0000000795580000,0x0000000795580000,0x0000000799680000)
  from space 5120K, 0% used [0x0000000799680000,0x0000000799680000,0x0000000799b80000)
  to   space 5120K, 0% used [0x000000079dc80000,0x000000079dc80000,0x000000079e180000)
 ParOldGen       total 178688K, used 78391K [0x0000000740000000, 0x000000074ae80000, 0x0000000795580000)
  object space 178688K, 43% used [0x0000000740000000,0x0000000744c8dd40,0x000000074ae80000)
 Metaspace       used 12014K, capacity 12462K, committed 12800K, reserved 1060864K
  class space    used 1571K, capacity 1715K, committed 1792K, reserved 1048576K
}

