# JRE version: Java(TM) SE Runtime Environment (8.0_40-b27) (build 1.8.0_40-b27)
# Java VM: Java HotSpot(TM) 64-Bit Server VM (25.40-b25 mixed mode bsd-amd64 compressed oops)
Heap:
 PSYoungGen      total 71680K, used 51742K [0x0000000795580000, 0x000000079a080000, 0x00000007c0000000)
  eden space 66560K, 77% used [0x0000000795580000,0x0000000798807948,0x0000000799680000)
  from space 5120K, 0% used [0x0000000799b80000,0x0000000799b80000,0x000000079a080000)
  to   space 5120K, 0% used [0x0000000799680000,0x0000000799680000,0x0000000799b80000)
 ParOldGen       total 150016K, used 78960K [0x0000000740000000, 0x0000000749280000, 0x0000000795580000)
  object space 150016K, 52% used [0x0000000740000000,0x0000000744d1c1a8,0x0000000749280000)
 Metaspace       used 17164K, capacity 17944K, committed 18176K, reserved 1064960K
  class space    used 2354K, capacity 2534K, committed 2560K, reserved 1048576K
GC Heap History (10 events):
Event: 1.448 GC heap before
{Heap before GC invocations=1 (full 0):
 PSYoungGen      total 38400K, used 33280K [0x0000000795580000, 0x0000000798000000, 0x00000007c0000000)
  eden space 33280K, 100% used [0x0000000795580000,0x0000000797600000,0x0000000797600000)
  from space 5120K, 0% used [0x0000000797b00000,0x0000000797b00000,0x0000000798000000)
  to   space 5120K, 0% used [0x0000000797600000,0x0000000797600000,0x0000000797b00000)
 ParOldGen       total 87552K, used 0K [0x0000000740000000, 0x0000000745580000, 0x0000000795580000)
  object space 87552K, 0% used [0x0000000740000000,0x0000000740000000,0x0000000745580000)
 Metaspace       used 11282K, capacity 11652K, committed 11904K, reserved 1058816K
  class space    used 1467K, capacity 1594K, committed 1664K, reserved 1048576K
Event: 1.457 GC heap after
Heap after GC invocations=1 (full 0):
 PSYoungGen      total 38400K, used 4747K [0x0000000795580000, 0x0000000798000000, 0x00000007c0000000)
  eden space 33280K, 0% used [0x0000000795580000,0x0000000795580000,0x0000000797600000)
  from space 5120K, 92% used [0x0000000797600000,0x0000000797aa2ca0,0x0000000797b00000)
  to   space 5120K, 0% used [0x0000000797b00000,0x0000000797b00000,0x0000000798000000)
 ParOldGen       total 87552K, used 4321K [0x0000000740000000, 0x0000000745580000, 0x0000000795580000)
  object space 87552K, 4% used [0x0000000740000000,0x0000000740438530,0x0000000745580000)
 Metaspace       used 11282K, capacity 11652K, committed 11904K, reserved 1058816K
  class space    used 1467K, capacity 1594K, committed 1664K, reserved 1048576K
}
Event: 1.677 GC heap before
{Heap before GC invocations=2 (full 0):
 PSYoungGen      total 38400K, used 35259K [0x0000000795580000, 0x0000000798000000, 0x00000007c0000000)
  eden space 33280K, 91% used [0x0000000795580000,0x000000079734c330,0x0000000797600000)
  from space 5120K, 92% used [0x0000000797600000,0x0000000797aa2ca0,0x0000000797b00000)
  to   space 5120K, 0% used [0x0000000797b00000,0x0000000797b00000,0x0000000798000000)
 ParOldGen       total 87552K, used 4321K [0x0000000740000000, 0x0000000745580000, 0x0000000795580000)
  object space 87552K, 4% used [0x0000000740000000,0x0000000740438530,0x0000000745580000)
 Metaspace       used 11334K, capacity 11728K, committed 11904K, reserved 1058816K
  class space    used 1469K, capacity 1596K, committed 1664K, reserved 1048576K
Event: 1.707 GC heap after
Heap after GC invocations=2 (full 0):
 PSYoungGen      total 38400K, used 4872K [0x0000000795580000, 0x000000079a080000, 0x00000007c0000000)
  eden space 33280K, 0% used [0x0000000795580000,0x0000000795580000,0x0000000797600000)
  from space 5120K, 95% used [0x0000000797b00000,0x0000000797fc20c8,0x0000000798000000)
  to   space 5120K, 0% used [0x0000000797600000,0x0000000797600000,0x0000000797b00000)
 ParOldGen       total 87552K, used 32806K [0x0000000740000000, 0x0000000745580000, 0x0000000795580000)
  object space 87552K, 37% used [0x0000000740000000,0x0000000742009800,0x0000000745580000)
 Metaspace       used 11334K, capacity 11728K, committed 11904K, reserved 1058816K
  class space    used 1469K, capacity 1596K, committed 1664K, reserved 1048576K
}
Event: 1.943 GC heap before
{Heap before GC invocations=3 (full 0):
 PSYoungGen      total 38400K, used 36985K [0x0000000795580000, 0x000000079a080000, 0x00000007c0000000)
  eden space 33280K, 96% used [0x0000000795580000,0x00000007974dc3d8,0x0000000797600000)
  from space 5120K, 95% used [0x0000000797b00000,0x0000000797fc20c8,0x0000000798000000)
  to   space 5120K, 0% used [0x0000000797600000,0x0000000797600000,0x0000000797b00000)
 ParOldGen       total 87552K, used 32806K [0x0000000740000000, 0x0000000745580000, 0x0000000795580000)
  object space 87552K, 37% used [0x0000000740000000,0x0000000742009800,0x0000000745580000)
 Metaspace       used 11901K, capacity 12342K, committed 12544K, reserved 1060864K
  class space    used 1555K, capacity 1677K, committed 1792K, reserved 1048576K
Event: 1.952 GC heap after
Heap after GC invocations=3 (full 0):
 PSYoungGen      total 38400K, used 5092K [0x0000000795580000, 0x000000079a080000, 0x00000007c0000000)
  eden space 33280K, 0% used [0x0000000795580000,0x0000000795580000,0x0000000797600000)
  from space 5120K, 99% used [0x0000000797600000,0x0000000797af92a0,0x0000000797b00000)
  to   space 5120K, 0% used [0x0000000799b80000,0x0000000799b80000,0x000000079a080000)
 ParOldGen       total 87552K, used 48993K [0x0000000740000000, 0x0000000745580000, 0x0000000795580000)
  object space 87552K, 55% used [0x0000000740000000,0x0000000742fd8570,0x0000000745580000)
 Metaspace       used 11901K, capacity 12342K, committed 12544K, reserved 1060864K
  class space    used 1555K, capacity 1677K, committed 1792K, reserved 1048576K
}
Event: 1.997 GC heap before
{Heap before GC invocations=4 (full 0):
 PSYoungGen      total 38400K, used 36960K [0x0000000795580000, 0x000000079a080000, 0x00000007c0000000)
  eden space 33280K, 95% used [0x0000000795580000,0x000000079749edb0,0x0000000797600000)
  from space 5120K, 99% used [0x0000000797600000,0x0000000797af92a0,0x0000000797b00000)
  to   space 5120K, 0% used [0x0000000799b80000,0x0000000799b80000,0x000000079a080000)
 ParOldGen       total 87552K, used 48993K [0x0000000740000000, 0x0000000745580000, 0x0000000795580000)
  object space 87552K, 55% used [0x0000000740000000,0x0000000742fd8570,0x0000000745580000)
 Metaspace       used 11905K, capacity 12342K, committed 12544K, reserved 1060864K
  class space    used 1555K, capacity 1677K, committed 1792K, reserved 1048576K
Event: 2.018 GC heap after
Heap after GC invocations=4 (full 0):
 PSYoungGen      total 71680K, used 4595K [0x0000000795580000, 0x000000079a080000, 0x00000007c0000000)
  eden space 66560K, 0% used [0x0000000795580000,0x0000000795580000,0x0000000799680000)
  from space 5120K, 89% used [0x0000000799b80000,0x0000000799ffce90,0x000000079a080000)
  to   space 5120K, 0% used [0x0000000799680000,0x0000000799680000,0x0000000799b80000)
 ParOldGen       total 87552K, used 77118K [0x0000000740000000, 0x0000000745580000, 0x0000000795580000)
  object space 87552K, 88% used [0x0000000740000000,0x0000000744b4fa30,0x0000000745580000)
 Metaspace       used 11905K, capacity 12342K, committed 12544K, reserved 1060864K
  class space    used 1555K, capacity 1677K, committed 1792K, reserved 1048576K
}
Event: 2.018 GC heap before
{Heap before GC invocations=5 (full 1):
 PSYoungGen      total 71680K, used 4595K [0x0000000795580000, 0x000000079a080000, 0x00000007c0000000)
  eden space 66560K, 0% used [0x0000000795580000,0x0000000795580000,0x0000000799680000)
  from space 5120K, 89% used [0x0000000799b80000,0x0000000799ffce90,0x000000079a080000)
  to   space 5120K, 0% used [0x0000000799680000,0x0000000799680000,0x0000000799b80000)
 ParOldGen       total 87552K, used 77118K [0x0000000740000000, 0x0000000745580000, 0x0000000795580000)
  object space 87552K, 88% used [0x0000000740000000,0x0000000744b4fa30,0x0000000745580000)
 Metaspace       used 11905K, capacity 12342K, committed 12544K, reserved 1060864K
  class space    used 1555K, capacity 1677K, committed 1792K, reserved 1048576K
Event: 2.037 GC heap after
Heap after GC invocations=5 (full 1):
 PSYoungGen      total 71680K, used 0K [0x0000000795580000, 0x000000079a080000, 0x00000007c0000000)
  eden space 66560K, 0% used [0x0000000795580000,0x0000000795580000,0x0000000799680000)
  from space 5120K, 0% used [0x0000000799b80000,0x0000000799b80000,0x000000079a080000)
  to   space 5120K, 0% used [0x0000000799680000,0x0000000799680000,0x0000000799b80000)
 ParOldGen       total 150016K, used 78960K [0x0000000740000000, 0x0000000749280000, 0x0000000795580000)
  object space 150016K, 52% used [0x0000000740000000,0x0000000744d1c1a8,0x0000000749280000)
 Metaspace       used 11905K, capacity 12342K, committed 12544K, reserved 1060864K
  class space    used 1555K, capacity 1677K, committed 1792K, reserved 1048576K
}

