# JRE version: Java(TM) SE Runtime Environment (8.0_40-b27) (build 1.8.0_40-b27)
# Java VM: Java HotSpot(TM) 64-Bit Server VM (25.40-b25 mixed mode bsd-amd64 compressed oops)
Heap:
 PSYoungGen      total 71680K, used 45892K [0x0000000795580000, 0x000000079a080000, 0x00000007c0000000)
  eden space 66560K, 68% used [0x0000000795580000,0x0000000798251308,0x0000000799680000)
  from space 5120K, 0% used [0x0000000799b80000,0x0000000799b80000,0x000000079a080000)
  to   space 5120K, 0% used [0x0000000799680000,0x0000000799680000,0x0000000799b80000)
 ParOldGen       total 151040K, used 79041K [0x0000000740000000, 0x0000000749380000, 0x0000000795580000)
  object space 151040K, 52% used [0x0000000740000000,0x0000000744d304b0,0x0000000749380000)
 Metaspace       used 17092K, capacity 17844K, committed 17920K, reserved 1064960K
  class space    used 2346K, capacity 2510K, committed 2560K, reserved 1048576K
GC Heap History (10 events):
Event: 1.036 GC heap before
{Heap before GC invocations=1 (full 0):
 PSYoungGen      total 38400K, used 33280K [0x0000000795580000, 0x0000000798000000, 0x00000007c0000000)
  eden space 33280K, 100% used [0x0000000795580000,0x0000000797600000,0x0000000797600000)
  from space 5120K, 0% used [0x0000000797b00000,0x0000000797b00000,0x0000000798000000)
  to   space 5120K, 0% used [0x0000000797600000,0x0000000797600000,0x0000000797b00000)
 ParOldGen       total 87552K, used 0K [0x0000000740000000, 0x0000000745580000, 0x0000000795580000)
  object space 87552K, 0% used [0x0000000740000000,0x0000000740000000,0x0000000745580000)
 Metaspace       used 11229K, capacity 11652K, committed 11904K, reserved 1058816K
  class space    used 1452K, capacity 1594K, committed 1664K, reserved 1048576K
Event: 1.041 GC heap after
Heap after GC invocations=1 (full 0):
 PSYoungGen      total 38400K, used 4697K [0x0000000795580000, 0x0000000798000000, 0x00000007c0000000)
  eden space 33280K, 0% used [0x0000000795580000,0x0000000795580000,0x0000000797600000)
  from space 5120K, 91% used [0x0000000797600000,0x0000000797a965f8,0x0000000797b00000)
  to   space 5120K, 0% used [0x0000000797b00000,0x0000000797b00000,0x0000000798000000)
 ParOldGen       total 87552K, used 4321K [0x0000000740000000, 0x0000000745580000, 0x0000000795580000)
  object space 87552K, 4% used [0x0000000740000000,0x0000000740438530,0x0000000745580000)
 Metaspace       used 11229K, capacity 11652K, committed 11904K, reserved 1058816K
  class space    used 1452K, capacity 1594K, committed 1664K, reserved 1048576K
}
Event: 1.232 GC heap before
{Heap before GC invocations=2 (full 0):
 PSYoungGen      total 38400K, used 35216K [0x0000000795580000, 0x0000000798000000, 0x00000007c0000000)
  eden space 33280K, 91% used [0x0000000795580000,0x000000079734dac8,0x0000000797600000)
  from space 5120K, 91% used [0x0000000797600000,0x0000000797a965f8,0x0000000797b00000)
  to   space 5120K, 0% used [0x0000000797b00000,0x0000000797b00000,0x0000000798000000)
 ParOldGen       total 87552K, used 4321K [0x0000000740000000, 0x0000000745580000, 0x0000000795580000)
  object space 87552K, 4% used [0x0000000740000000,0x0000000740438530,0x0000000745580000)
 Metaspace       used 11283K, capacity 11728K, committed 11904K, reserved 1058816K
  class space    used 1454K, capacity 1596K, committed 1664K, reserved 1048576K
Event: 1.251 GC heap after
Heap after GC invocations=2 (full 0):
 PSYoungGen      total 38400K, used 4829K [0x0000000795580000, 0x000000079a080000, 0x00000007c0000000)
  eden space 33280K, 0% used [0x0000000795580000,0x0000000795580000,0x0000000797600000)
  from space 5120K, 94% used [0x0000000797b00000,0x0000000797fb7760,0x0000000798000000)
  to   space 5120K, 0% used [0x0000000797600000,0x0000000797600000,0x0000000797b00000)
 ParOldGen       total 87552K, used 32806K [0x0000000740000000, 0x0000000745580000, 0x0000000795580000)
  object space 87552K, 37% used [0x0000000740000000,0x0000000742009800,0x0000000745580000)
 Metaspace       used 11283K, capacity 11728K, committed 11904K, reserved 1058816K
  class space    used 1454K, capacity 1596K, committed 1664K, reserved 1048576K
}
Event: 1.446 GC heap before
{Heap before GC invocations=3 (full 0):
 PSYoungGen      total 38400K, used 36867K [0x0000000795580000, 0x000000079a080000, 0x00000007c0000000)
  eden space 33280K, 96% used [0x0000000795580000,0x00000007974c9858,0x0000000797600000)
  from space 5120K, 94% used [0x0000000797b00000,0x0000000797fb7760,0x0000000798000000)
  to   space 5120K, 0% used [0x0000000797600000,0x0000000797600000,0x0000000797b00000)
 ParOldGen       total 87552K, used 32806K [0x0000000740000000, 0x0000000745580000, 0x0000000795580000)
  object space 87552K, 37% used [0x0000000740000000,0x0000000742009800,0x0000000745580000)
 Metaspace       used 11894K, capacity 12322K, committed 12544K, reserved 1060864K
  class space    used 1559K, capacity 1711K, committed 1792K, reserved 1048576K
Event: 1.455 GC heap after
Heap after GC invocations=3 (full 0):
 PSYoungGen      total 38400K, used 5095K [0x0000000795580000, 0x000000079a080000, 0x00000007c0000000)
  eden space 33280K, 0% used [0x0000000795580000,0x0000000795580000,0x0000000797600000)
  from space 5120K, 99% used [0x0000000797600000,0x0000000797af9fd8,0x0000000797b00000)
  to   space 5120K, 0% used [0x0000000799b80000,0x0000000799b80000,0x000000079a080000)
 ParOldGen       total 87552K, used 48951K [0x0000000740000000, 0x0000000745580000, 0x0000000795580000)
  object space 87552K, 55% used [0x0000000740000000,0x0000000742fcddb8,0x0000000745580000)
 Metaspace       used 11894K, capacity 12322K, committed 12544K, reserved 1060864K
  class space    used 1559K, capacity 1711K, committed 1792K, reserved 1048576K
}
Event: 1.511 GC heap before
{Heap before GC invocations=4 (full 0):
 PSYoungGen      total 38400K, used 36958K [0x0000000795580000, 0x000000079a080000, 0x00000007c0000000)
  eden space 33280K, 95% used [0x0000000795580000,0x000000079749dae8,0x0000000797600000)
  from space 5120K, 99% used [0x0000000797600000,0x0000000797af9fd8,0x0000000797b00000)
  to   space 5120K, 0% used [0x0000000799b80000,0x0000000799b80000,0x000000079a080000)
 ParOldGen       total 87552K, used 48951K [0x0000000740000000, 0x0000000745580000, 0x0000000795580000)
  object space 87552K, 55% used [0x0000000740000000,0x0000000742fcddb8,0x0000000745580000)
 Metaspace       used 11897K, capacity 12322K, committed 12544K, reserved 1060864K
  class space    used 1559K, capacity 1711K, committed 1792K, reserved 1048576K
Event: 1.539 GC heap after
Heap after GC invocations=4 (full 0):
 PSYoungGen      total 71680K, used 4598K [0x0000000795580000, 0x000000079a080000, 0x00000007c0000000)
  eden space 66560K, 0% used [0x0000000795580000,0x0000000795580000,0x0000000799680000)
  from space 5120K, 89% used [0x0000000799b80000,0x0000000799ffdbc8,0x000000079a080000)
  to   space 5120K, 0% used [0x0000000799680000,0x0000000799680000,0x0000000799b80000)
 ParOldGen       total 87552K, used 77076K [0x0000000740000000, 0x0000000745580000, 0x0000000795580000)
  object space 87552K, 88% used [0x0000000740000000,0x0000000744b45278,0x0000000745580000)
 Metaspace       used 11897K, capacity 12322K, committed 12544K, reserved 1060864K
  class space    used 1559K, capacity 1711K, committed 1792K, reserved 1048576K
}
Event: 1.539 GC heap before
{Heap before GC invocations=5 (full 1):
 PSYoungGen      total 71680K, used 4598K [0x0000000795580000, 0x000000079a080000, 0x00000007c0000000)
  eden space 66560K, 0% used [0x0000000795580000,0x0000000795580000,0x0000000799680000)
  from space 5120K, 89% used [0x0000000799b80000,0x0000000799ffdbc8,0x000000079a080000)
  to   space 5120K, 0% used [0x0000000799680000,0x0000000799680000,0x0000000799b80000)
 ParOldGen       total 87552K, used 77076K [0x0000000740000000, 0x0000000745580000, 0x0000000795580000)
  object space 87552K, 88% used [0x0000000740000000,0x0000000744b45278,0x0000000745580000)
 Metaspace       used 11897K, capacity 12322K, committed 12544K, reserved 1060864K
  class space    used 1559K, capacity 1711K, committed 1792K, reserved 1048576K
Event: 1.557 GC heap after
Heap after GC invocations=5 (full 1):
 PSYoungGen      total 71680K, used 0K [0x0000000795580000, 0x000000079a080000, 0x00000007c0000000)
  eden space 66560K, 0% used [0x0000000795580000,0x0000000795580000,0x0000000799680000)
  from space 5120K, 0% used [0x0000000799b80000,0x0000000799b80000,0x000000079a080000)
  to   space 5120K, 0% used [0x0000000799680000,0x0000000799680000,0x0000000799b80000)
 ParOldGen       total 151040K, used 79041K [0x0000000740000000, 0x0000000749380000, 0x0000000795580000)
  object space 151040K, 52% used [0x0000000740000000,0x0000000744d304b0,0x0000000749380000)
 Metaspace       used 11897K, capacity 12322K, committed 12544K, reserved 1060864K
  class space    used 1559K, capacity 1711K, committed 1792K, reserved 1048576K
}

